<?xml version="1.0" encoding="UTF-8"?>
<!-- Generated by org.testng.reporters.JUnitReportReporter -->
<testsuite skipped="0" hostname="wvh154" name="com.facebook.testcases.SampleTestCase" tests="1" failures="0" timestamp="26 Mar 2020 08:01:02 GMT" time="31.359" errors="0">
  <testcase name="createAnAccount" time="31.359" classname="com.facebook.testcases.SampleTestCase"/>
</testsuite> <!-- com.facebook.testcases.SampleTestCase -->
