<?xml version="1.0" encoding="UTF-8"?>
<!-- Generated by org.testng.reporters.JUnitReportReporter -->
<testsuite skipped="0" hostname="wvh154" name="com.facebook.testcases.FLoginPageTest" tests="2" failures="0" timestamp="26 Mar 2020 04:10:37 GMT" time="84.846" errors="0">
  <testcase name="verifyPageTitleTest" time="52.578" classname="com.facebook.testcases.FLoginPageTest"/>
  <testcase name="verifyValidUserTest" time="32.268" classname="com.facebook.testcases.FLoginPageTest"/>
</testsuite> <!-- com.facebook.testcases.FLoginPageTest -->
