<?xml version="1.0" encoding="UTF-8"?>
<!-- Generated by org.testng.reporters.JUnitReportReporter -->
<testsuite skipped="0" hostname="DESKTOP-GK2K200" name="com.facebook.testcases.FLoginPageTest" tests="2" failures="0" timestamp="28 Mar 2020 19:20:07 GMT" time="74.673" errors="0">
  <testcase name="verifyPageTitleTest" time="33.224" classname="com.facebook.testcases.FLoginPageTest"/>
  <testcase name="verifyValidUserTest" time="41.449" classname="com.facebook.testcases.FLoginPageTest"/>
</testsuite> <!-- com.facebook.testcases.FLoginPageTest -->
