<?xml version="1.0" encoding="UTF-8"?>
<!-- Generated by org.testng.reporters.JUnitReportReporter -->
<testsuite skipped="0" hostname="DESKTOP-GK2K200" name="com.facebook.testcases.SampleTestCase" tests="1" failures="0" timestamp="30 Mar 2020 04:19:34 GMT" time="22.840" errors="0">
  <testcase name="createAnAccount" time="22.840" classname="com.facebook.testcases.SampleTestCase"/>
</testsuite> <!-- com.facebook.testcases.SampleTestCase -->
